<?xml version="1.0" encoding="UTF-8"?>
<testng-results ignored="0" total="2" passed="2" failed="0" skipped="0">
  <reporter-output>
  </reporter-output>
  <suite started-at="2019-04-15T21:23:28Z" name="TestSuite" finished-at="2019-04-15T21:23:53Z" duration-ms="24782">
    <groups>
    </groups>
    <test started-at="2019-04-15T21:23:28Z" name="LoginTest" finished-at="2019-04-15T21:23:41Z" duration-ms="12434">
      <class name="com.cafe.Login">
        <test-method is-config="true" signature="methodSetup()[pri:0, instance:com.cafe.Login@2bec854f]" started-at="2019-04-15T21:23:28Z" name="methodSetup" finished-at="2019-04-15T21:23:36Z" duration-ms="7198" status="PASS">
          <reporter-output>
          </reporter-output>
        </test-method> <!-- methodSetup -->
        <test-method signature="LoginTest()[pri:0, instance:com.cafe.Login@2bec854f]" started-at="2019-04-15T21:23:36Z" name="LoginTest" finished-at="2019-04-15T21:23:40Z" duration-ms="4451" status="PASS">
          <reporter-output>
          </reporter-output>
        </test-method> <!-- LoginTest -->
        <test-method is-config="true" signature="methodTearDown()[pri:0, instance:com.cafe.Login@2bec854f]" started-at="2019-04-15T21:23:40Z" name="methodTearDown" finished-at="2019-04-15T21:23:41Z" duration-ms="749" status="PASS">
          <reporter-output>
          </reporter-output>
        </test-method> <!-- methodTearDown -->
      </class> <!-- com.cafe.Login -->
    </test> <!-- LoginTest -->
    <test started-at="2019-04-15T21:23:41Z" name="CreateCustomer" finished-at="2019-04-15T21:23:53Z" duration-ms="12208">
      <class name="com.cafe.Create">
        <test-method is-config="true" signature="methodSetup()[pri:0, instance:com.cafe.Create@748741cb]" started-at="2019-04-15T21:23:41Z" name="methodSetup" finished-at="2019-04-15T21:23:46Z" duration-ms="5120" status="PASS">
          <reporter-output>
          </reporter-output>
        </test-method> <!-- methodSetup -->
        <test-method signature="CreateCustomer()[pri:0, instance:com.cafe.Create@748741cb]" started-at="2019-04-15T21:23:46Z" name="CreateCustomer" finished-at="2019-04-15T21:23:52Z" duration-ms="6411" status="PASS">
          <reporter-output>
          </reporter-output>
        </test-method> <!-- CreateCustomer -->
        <test-method is-config="true" signature="methodTearDown()[pri:0, instance:com.cafe.Create@748741cb]" started-at="2019-04-15T21:23:52Z" name="methodTearDown" finished-at="2019-04-15T21:23:53Z" duration-ms="674" status="PASS">
          <reporter-output>
          </reporter-output>
        </test-method> <!-- methodTearDown -->
      </class> <!-- com.cafe.Create -->
    </test> <!-- CreateCustomer -->
  </suite> <!-- TestSuite -->
</testng-results>
